-------------------------------------------------------------------------------
Test set: TestSuite
-------------------------------------------------------------------------------
Tests run: 2, Failures: 1, Errors: 0, Skipped: 0, Time elapsed: 20.751 s <<< FAILURE! - in TestSuite
cucumberOptions.TestNGtestRunner.runScenario["Search Experience for product search in both home and offer page", "Search and place the order for products"](2)  Time elapsed: 8.109 s  <<< FAILURE!
java.lang.AssertionError: expected [Beetroot] but found [No data]

